  main.cpp
d:\nthu\fourth semester\computer graphics\assignment\as03\as03_framework\openglframework-vs2017\openglframework-vs2017\main.cpp(340): warning C4244: 'argument': conversion from 'double' to 'float', possible loss of data
d:\nthu\fourth semester\computer graphics\assignment\as03\as03_framework\openglframework-vs2017\openglframework-vs2017\main.cpp(428): warning C4244: '=': conversion from 'double' to 'GLfloat', possible loss of data
d:\nthu\fourth semester\computer graphics\assignment\as03\as03_framework\openglframework-vs2017\openglframework-vs2017\main.cpp(429): warning C4244: '=': conversion from 'int' to 'GLfloat', possible loss of data
d:\nthu\fourth semester\computer graphics\assignment\as03\as03_framework\openglframework-vs2017\openglframework-vs2017\main.cpp(451): warning C4244: 'argument': conversion from 'GLfloat' to 'GLint', possible loss of data
d:\nthu\fourth semester\computer graphics\assignment\as03\as03_framework\openglframework-vs2017\openglframework-vs2017\main.cpp(452): warning C4244: 'argument': conversion from 'GLfloat' to 'GLint', possible loss of data
d:\nthu\fourth semester\computer graphics\assignment\as03\as03_framework\openglframework-vs2017\openglframework-vs2017\main.cpp(453): warning C4244: 'argument': conversion from 'GLfloat' to 'GLint', possible loss of data
d:\nthu\fourth semester\computer graphics\assignment\as03\as03_framework\openglframework-vs2017\openglframework-vs2017\main.cpp(462): warning C4244: 'argument': conversion from 'GLfloat' to 'GLint', possible loss of data
d:\nthu\fourth semester\computer graphics\assignment\as03\as03_framework\openglframework-vs2017\openglframework-vs2017\main.cpp(463): warning C4244: 'argument': conversion from 'GLfloat' to 'GLint', possible loss of data
d:\nthu\fourth semester\computer graphics\assignment\as03\as03_framework\openglframework-vs2017\openglframework-vs2017\main.cpp(481): warning C4267: '=': conversion from 'size_t' to 'int', possible loss of data
d:\nthu\fourth semester\computer graphics\assignment\as03\as03_framework\openglframework-vs2017\openglframework-vs2017\main.cpp(553): warning C4244: '-=': conversion from 'double' to 'float', possible loss of data
d:\nthu\fourth semester\computer graphics\assignment\as03\as03_framework\openglframework-vs2017\openglframework-vs2017\main.cpp(558): warning C4244: '+=': conversion from 'double' to 'float', possible loss of data
d:\nthu\fourth semester\computer graphics\assignment\as03\as03_framework\openglframework-vs2017\openglframework-vs2017\main.cpp(563): warning C4244: '+=': conversion from 'double' to 'float', possible loss of data
d:\nthu\fourth semester\computer graphics\assignment\as03\as03_framework\openglframework-vs2017\openglframework-vs2017\main.cpp(568): warning C4244: '+=': conversion from 'double' to 'float', possible loss of data
d:\nthu\fourth semester\computer graphics\assignment\as03\as03_framework\openglframework-vs2017\openglframework-vs2017\main.cpp(571): warning C4244: '+=': conversion from 'double' to 'float', possible loss of data
d:\nthu\fourth semester\computer graphics\assignment\as03\as03_framework\openglframework-vs2017\openglframework-vs2017\main.cpp(574): warning C4244: '+=': conversion from 'double' to 'float', possible loss of data
d:\nthu\fourth semester\computer graphics\assignment\as03\as03_framework\openglframework-vs2017\openglframework-vs2017\main.cpp(578): warning C4244: '+=': conversion from 'double' to 'float', possible loss of data
d:\nthu\fourth semester\computer graphics\assignment\as03\as03_framework\openglframework-vs2017\openglframework-vs2017\main.cpp(579): warning C4244: '+=': conversion from 'double' to 'float', possible loss of data
d:\nthu\fourth semester\computer graphics\assignment\as03\as03_framework\openglframework-vs2017\openglframework-vs2017\main.cpp(580): warning C4244: '+=': conversion from 'double' to 'float', possible loss of data
d:\nthu\fourth semester\computer graphics\assignment\as03\as03_framework\openglframework-vs2017\openglframework-vs2017\main.cpp(583): warning C4244: '+=': conversion from 'double' to 'float', possible loss of data
d:\nthu\fourth semester\computer graphics\assignment\as03\as03_framework\openglframework-vs2017\openglframework-vs2017\main.cpp(584): warning C4244: '+=': conversion from 'double' to 'float', possible loss of data
d:\nthu\fourth semester\computer graphics\assignment\as03\as03_framework\openglframework-vs2017\openglframework-vs2017\main.cpp(585): warning C4244: '+=': conversion from 'double' to 'float', possible loss of data
d:\nthu\fourth semester\computer graphics\assignment\as03\as03_framework\openglframework-vs2017\openglframework-vs2017\main.cpp(588): warning C4244: '+=': conversion from 'double' to 'GLfloat', possible loss of data
d:\nthu\fourth semester\computer graphics\assignment\as03\as03_framework\openglframework-vs2017\openglframework-vs2017\main.cpp(592): warning C4244: '+=': conversion from 'double' to 'GLfloat', possible loss of data
d:\nthu\fourth semester\computer graphics\assignment\as03\as03_framework\openglframework-vs2017\openglframework-vs2017\main.cpp(617): warning C4244: 'initializing': conversion from 'int' to 'float', possible loss of data
d:\nthu\fourth semester\computer graphics\assignment\as03\as03_framework\openglframework-vs2017\openglframework-vs2017\main.cpp(618): warning C4244: 'initializing': conversion from 'int' to 'float', possible loss of data
d:\nthu\fourth semester\computer graphics\assignment\as03\as03_framework\openglframework-vs2017\openglframework-vs2017\main.cpp(624): warning C4244: '+=': conversion from 'double' to 'float', possible loss of data
d:\nthu\fourth semester\computer graphics\assignment\as03\as03_framework\openglframework-vs2017\openglframework-vs2017\main.cpp(625): warning C4244: '+=': conversion from 'double' to 'float', possible loss of data
d:\nthu\fourth semester\computer graphics\assignment\as03\as03_framework\openglframework-vs2017\openglframework-vs2017\main.cpp(630): warning C4244: '+=': conversion from 'double' to 'float', possible loss of data
d:\nthu\fourth semester\computer graphics\assignment\as03\as03_framework\openglframework-vs2017\openglframework-vs2017\main.cpp(631): warning C4244: '-=': conversion from 'double' to 'float', possible loss of data
d:\nthu\fourth semester\computer graphics\assignment\as03\as03_framework\openglframework-vs2017\openglframework-vs2017\main.cpp(636): warning C4244: '+=': conversion from 'double' to 'float', possible loss of data
d:\nthu\fourth semester\computer graphics\assignment\as03\as03_framework\openglframework-vs2017\openglframework-vs2017\main.cpp(637): warning C4244: '+=': conversion from 'double' to 'float', possible loss of data
d:\nthu\fourth semester\computer graphics\assignment\as03\as03_framework\openglframework-vs2017\openglframework-vs2017\main.cpp(642): warning C4244: '+=': conversion from 'double' to 'float', possible loss of data
d:\nthu\fourth semester\computer graphics\assignment\as03\as03_framework\openglframework-vs2017\openglframework-vs2017\main.cpp(643): warning C4244: '+=': conversion from 'double' to 'float', possible loss of data
d:\nthu\fourth semester\computer graphics\assignment\as03\as03_framework\openglframework-vs2017\openglframework-vs2017\main.cpp(646): warning C4244: '+=': conversion from 'double' to 'float', possible loss of data
d:\nthu\fourth semester\computer graphics\assignment\as03\as03_framework\openglframework-vs2017\openglframework-vs2017\main.cpp(647): warning C4244: '+=': conversion from 'double' to 'float', possible loss of data
d:\nthu\fourth semester\computer graphics\assignment\as03\as03_framework\openglframework-vs2017\openglframework-vs2017\main.cpp(650): warning C4244: '+=': conversion from 'double' to 'float', possible loss of data
d:\nthu\fourth semester\computer graphics\assignment\as03\as03_framework\openglframework-vs2017\openglframework-vs2017\main.cpp(651): warning C4244: '+=': conversion from 'double' to 'float', possible loss of data
d:\nthu\fourth semester\computer graphics\assignment\as03\as03_framework\openglframework-vs2017\openglframework-vs2017\main.cpp(938): warning C4267: '=': conversion from 'size_t' to 'int', possible loss of data
d:\nthu\fourth semester\computer graphics\assignment\as03\as03_framework\openglframework-vs2017\openglframework-vs2017\main.cpp(1004): warning C4477: 'printf' : format string '%d' requires an argument of type 'int', but variadic argument 1 has type 'unsigned __int64'
  d:\nthu\fourth semester\computer graphics\assignment\as03\as03_framework\openglframework-vs2017\openglframework-vs2017\main.cpp(1004): note: consider using '%zd' in the format string
d:\nthu\fourth semester\computer graphics\assignment\as03\as03_framework\openglframework-vs2017\openglframework-vs2017\main.cpp(1004): warning C4477: 'printf' : format string '%d' requires an argument of type 'int', but variadic argument 2 has type 'unsigned __int64'
  d:\nthu\fourth semester\computer graphics\assignment\as03\as03_framework\openglframework-vs2017\openglframework-vs2017\main.cpp(1004): note: consider using '%zd' in the format string
d:\nthu\fourth semester\computer graphics\assignment\as03\as03_framework\openglframework-vs2017\openglframework-vs2017\main.cpp(1058): warning C4305: '=': truncation from 'double' to 'GLfloat'
d:\nthu\fourth semester\computer graphics\assignment\as03\as03_framework\openglframework-vs2017\openglframework-vs2017\main.cpp(1101): warning C4244: '=': conversion from 'GLint' to 'GLfloat', possible loss of data
d:\nthu\fourth semester\computer graphics\assignment\as03\as03_framework\openglframework-vs2017\openglframework-vs2017\main.cpp(1102): warning C4244: '=': conversion from 'GLint' to 'GLfloat', possible loss of data
d:\nthu\fourth semester\computer graphics\assignment\as03\as03_framework\openglframework-vs2017\openglframework-vs2017\main.cpp(1103): warning C4244: '=': conversion from 'GLint' to 'GLfloat', possible loss of data
d:\nthu\fourth semester\computer graphics\assignment\as03\as03_framework\openglframework-vs2017\openglframework-vs2017\main.cpp(1104): warning C4244: '=': conversion from 'GLint' to 'GLfloat', possible loss of data
d:\nthu\fourth semester\computer graphics\assignment\as03\as03_framework\openglframework-vs2017\openglframework-vs2017\main.cpp(1115): warning C4305: 'argument': truncation from 'double' to 'GLfloat'
  OpenGLFramework-VS2017.vcxproj -> D:\NTHU\Fourth Semester\Computer Graphics\Assignment\AS03\AS03_Framework\OpenGLFramework-VS2017\x64\Debug\OpenGLFramework-VS2017.exe
